{
  "0 debug pnpm:scope": {
    "selected": 1
  },
  "1 error pnpm": {
    "code": "ELIFECYCLE",
    "errno": "ENOENT",
    "syscall": "spawn",
    "file": "sh",
    "pkgid": "w3bstream-studio@0.1.0",
    "stage": "start",
    "script": "next start",
    "pkgname": "w3bstream-studio",
    "err": {
      "name": "pnpm",
      "message": "w3bstream-studio@0.1.0 start: `next start`\nspawn ENOENT",
      "code": "ELIFECYCLE",
      "stack": "pnpm: w3bstream-studio@0.1.0 start: `next start`\nspawn ENOENT\n    at ChildProcess.<anonymous> (/usr/local/lib/node_modules/pnpm/dist/pnpm.cjs:94974:22)\n    at ChildProcess.emit (node:events:513:28)\n    at maybeClose (node:internal/child_process:1098:16)\n    at ChildProcess._handle.onexit (node:internal/child_process:304:5)"
    }
  },
  "2 warn pnpm:global": " Local package.json exists, but node_modules missing, did you mean to install?"
}